<?xml version="1.0" encoding="UTF-8"?>
<!-- Generated by org.testng.reporters.JUnitReportReporter -->
<testsuite hostname="DESKTOP-U7JBJPI" failures="0" tests="1" name="com.crowdar.bdd.cukes.TestNGSecuencialRunner" time="33.800" errors="0" timestamp="11 oct 2023 01:06:20 GMT" skipped="0">
  <testcase classname="com.crowdar.bdd.cukes.TestNGSecuencialRunner" name="runScenario" time="33.800"/>
</testsuite> <!-- com.crowdar.bdd.cukes.TestNGSecuencialRunner -->
